<?xml version="1.0" encoding="UTF-8"?>
<!-- Generated by org.testng.reporters.JUnitReportReporter -->
<testsuite hostname="DESKTOP-T0BSKM6" name="DemoProject.SeleniumPractice.AppTest" tests="1" failures="0" timestamp="30 Mar 2022 08:14:39 GMT" time="0.003" errors="0">
  <testcase name="testApp" time="0.003" classname="DemoProject.SeleniumPractice.AppTest"/>
</testsuite> <!-- DemoProject.SeleniumPractice.AppTest -->
