<?xml version="1.0" encoding="UTF-8"?>
<!-- Generated by org.testng.reporters.JUnitReportReporter -->
<testsuite hostname="Mayank" failures="0" tests="1" name="seleniumConcepts.GenericMethodToFindElement1" time="11.737" errors="0" timestamp="09 Nov 2024 11:34:42 GMT" skipped="0">
  <testcase classname="seleniumConcepts.GenericMethodToFindElement1" name="testMethod" time="11.737"/>
</testsuite> <!-- seleniumConcepts.GenericMethodToFindElement1 -->
