<?xml version="1.0" encoding="UTF-8"?>
<!-- Generated by org.testng.reporters.JUnitReportReporter -->
<testsuite hostname="Mayank" failures="0" tests="2" name="Testng_regressionSuite.Testng_BeforeClass_MethodAnnotation_2" time="0.006" errors="0" timestamp="10 Dec 2024 10:42:14 GMT" skipped="0">
  <testcase classname="Testng_regressionSuite.Testng_BeforeClass_MethodAnnotation_2" name="testMethod1" time="0.003"/>
  <testcase classname="Testng_regressionSuite.Testng_BeforeClass_MethodAnnotation_2" name="testMethod2" time="0.003"/>
</testsuite> <!-- Testng_regressionSuite.Testng_BeforeClass_MethodAnnotation_2 -->
