<?xml version="1.0" encoding="UTF-8"?>
<!-- Generated by org.testng.reporters.JUnitReportReporter -->
<testsuite hostname="Mayank" failures="0" tests="1" name="faltuCode.practice" time="7.148" errors="0" timestamp="15 Nov 2024 14:49:08 GMT" skipped="0">
  <testcase classname="faltuCode.practice" name="test" time="7.148"/>
</testsuite> <!-- faltuCode.practice -->
