<?xml version="1.0" encoding="UTF-8"?>
<!-- Generated by org.testng.reporters.JUnitReportReporter -->
<testsuite hostname="Mayank" failures="0" tests="1" name="seleniumConcepts.JavaScriptExecutor_ScrollUpDown" time="12.361" errors="0" timestamp="13 Nov 2024 16:59:07 GMT" skipped="0">
  <testcase classname="seleniumConcepts.JavaScriptExecutor_ScrollUpDown" name="test" time="12.361"/>
</testsuite> <!-- seleniumConcepts.JavaScriptExecutor_ScrollUpDown -->
