<?xml version="1.0" encoding="UTF-8"?>
<!-- Generated by org.testng.reporters.JUnitReportReporter -->
<testsuite hostname="Mayank" failures="0" tests="1" name="seleniumConcepts.JavaScriptExecutor_LaunchURL" time="14.016" errors="0" timestamp="13 Nov 2024 15:15:33 GMT" skipped="0">
  <testcase classname="seleniumConcepts.JavaScriptExecutor_LaunchURL" name="test" time="14.016"/>
</testsuite> <!-- seleniumConcepts.JavaScriptExecutor_LaunchURL -->
