<?xml version="1.0" encoding="UTF-8"?>
<!-- Generated by org.testng.reporters.JUnitReportReporter -->
<testsuite hostname="Mayank" failures="0" tests="1" name="seleniumRealTime_FailedTCScreenshot.verifyPageTitle" time="3.334" errors="0" timestamp="08 Jan 2025 16:23:21 GMT" skipped="0">
  <testcase classname="seleniumRealTime_FailedTCScreenshot.verifyPageTitle" name="test31" time="3.334"/>
</testsuite> <!-- seleniumRealTime_FailedTCScreenshot.verifyPageTitle -->
