<?xml version="1.0" encoding="UTF-8"?>
<!-- Generated by org.testng.reporters.JUnitReportReporter -->
<testsuite hostname="Mayank" failures="0" tests="1" name="seleniumConcepts.Keyboard_Enter_Tab" time="16.810" errors="0" timestamp="15 Nov 2024 18:01:23 GMT" skipped="0">
  <testcase classname="seleniumConcepts.Keyboard_Enter_Tab" name="test" time="16.810"/>
</testsuite> <!-- seleniumConcepts.Keyboard_Enter_Tab -->
