<?xml version="1.0" encoding="UTF-8"?>
<!-- Generated by org.testng.reporters.JUnitReportReporter -->
<testsuite hostname="Mayank" failures="0" tests="1" name="ExtentReport.Login_Test_POM" time="6.438" errors="0" timestamp="27 Oct 2024 17:50:42 GMT" skipped="0">
  <testcase classname="ExtentReport.Login_Test_POM" name="test1_validLoginTest" time="6.438"/>
</testsuite> <!-- ExtentReport.Login_Test_POM -->
