<?xml version="1.0" encoding="UTF-8"?>
<!-- Generated by org.testng.reporters.JUnitReportReporter -->
<testsuite hostname="Mayank" failures="0" tests="1" name="seleniumPages.classes_PageObjectModel.Packages_TestCase1_PageObjectModel" time="21.431" errors="0" timestamp="27 Nov 2024 18:05:28 GMT" skipped="0">
  <testcase classname="seleniumPages.classes_PageObjectModel.Packages_TestCase1_PageObjectModel" name="test" time="21.431"/>
</testsuite> <!-- seleniumPages.classes_PageObjectModel.Packages_TestCase1_PageObjectModel -->
