<?xml version="1.0" encoding="UTF-8"?>
<!-- Generated by org.testng.reporters.JUnitReportReporter -->
<testsuite hostname="DESKTOP-T0BSKM6" name="DemoProject.SeleniumPractice.Test1" tests="1" failures="0" timestamp="30 Mar 2022 08:03:25 GMT" time="0.026" errors="0">
  <testcase name="f" time="0.026" classname="DemoProject.SeleniumPractice.Test1"/>
</testsuite> <!-- DemoProject.SeleniumPractice.Test1 -->
