<?xml version="1.0" encoding="UTF-8"?>
<!-- Generated by org.testng.reporters.JUnitReportReporter -->
<testsuite hostname="Mayank" failures="0" tests="1" name="seleniumConcepts.Actions_DragAndDrop_Slider" time="7.955" errors="0" timestamp="06 Mar 2025 11:33:34 GMT" skipped="0">
  <testcase classname="seleniumConcepts.Actions_DragAndDrop_Slider" name="test" time="7.955"/>
</testsuite> <!-- seleniumConcepts.Actions_DragAndDrop_Slider -->
