<?xml version="1.0" encoding="UTF-8"?>
<!-- Generated by org.testng.reporters.JUnitReportReporter -->
<testsuite hostname="Mayank" failures="0" tests="2" name="seleniumConcepts.Links_AllLinks_WebDriverScope" time="16.730" errors="0" timestamp="27 Mar 2025 12:07:38 GMT" skipped="0">
  <testcase classname="seleniumConcepts.Links_AllLinks_WebDriverScope" name="printNoOfLinks" time="6.135"/>
  <testcase classname="seleniumConcepts.Links_AllLinks_WebDriverScope" name="scopeOfWebdriver" time="10.595"/>
</testsuite> <!-- seleniumConcepts.Links_AllLinks_WebDriverScope -->
