<?xml version="1.0" encoding="UTF-8"?>
<!-- Generated by org.testng.reporters.JUnitReportReporter -->
<testsuite hostname="Mayank" failures="0" tests="1" name="faltuCode.practice2" time="3.897" errors="0" timestamp="15 Nov 2024 08:47:45 GMT" skipped="0">
  <testcase classname="faltuCode.practice2" name="test" time="3.897"/>
</testsuite> <!-- faltuCode.practice2 -->
