<?xml version="1.0" encoding="UTF-8"?>
<!-- Generated by org.testng.reporters.JUnitReportReporter -->
<testsuite hostname="Mayank" failures="0" tests="2" name="Testng_regressionSuite.Testng_BeforeClass_MethodAnnotation_2" time="0.003" errors="0" timestamp="23 Oct 2024 06:45:53 GMT" skipped="0">
  <testcase classname="Testng_regressionSuite.Testng_BeforeClass_MethodAnnotation_2" name="testMethod1" time="0.001"/>
  <testcase classname="Testng_regressionSuite.Testng_BeforeClass_MethodAnnotation_2" name="testMethod2" time="0.002"/>
</testsuite> <!-- Testng_regressionSuite.Testng_BeforeClass_MethodAnnotation_2 -->
