<?xml version="1.0" encoding="UTF-8"?>
<!-- Generated by org.testng.reporters.JUnitReportReporter -->
<testsuite hostname="Mayank" failures="0" tests="4" name="faltuCode.practice" time="0.013" errors="0" timestamp="05 Feb 2025 11:12:38 GMT" skipped="0">
  <testcase classname="faltuCode.practice" name="test" time="0.002"/>
  <testcase classname="faltuCode.practice" name="test" time="0.001"/>
  <testcase classname="faltuCode.practice" name="test" time="0.009"/>
  <testcase classname="faltuCode.practice" name="test" time="0.001"/>
</testsuite> <!-- faltuCode.practice -->
