<?xml version="1.0" encoding="UTF-8"?>
<!-- Generated by org.testng.reporters.JUnitReportReporter -->
<testsuite hostname="Mayank" failures="0" tests="1" name="seleniumConcepts.Method3_getCurrentUrl_getClass_getPageSource" time="10.621" errors="0" timestamp="17 Nov 2024 06:58:52 GMT" skipped="0">
  <testcase classname="seleniumConcepts.Method3_getCurrentUrl_getClass_getPageSource" name="test" time="10.621"/>
</testsuite> <!-- seleniumConcepts.Method3_getCurrentUrl_getClass_getPageSource -->
