<?xml version="1.0" encoding="UTF-8"?>
<!-- Generated by org.testng.reporters.JUnitReportReporter -->
<testsuite hostname="Mayank" failures="0" tests="1" name="seleniumConcepts.Actions_MouseHover" time="16.193" errors="0" timestamp="14 Nov 2024 15:10:42 GMT" skipped="0">
  <testcase classname="seleniumConcepts.Actions_MouseHover" name="test1" time="16.193"/>
</testsuite> <!-- seleniumConcepts.Actions_MouseHover -->
