<?xml version="1.0" encoding="UTF-8"?>
<!-- Generated by org.testng.reporters.JUnitReportReporter -->
<testsuite hostname="Mayank" failures="0" tests="2" name="Testng_testclasses.Testng_TestParallel_2" time="12.012" errors="0" timestamp="20 Dec 2024 17:22:40 GMT" skipped="0">
  <testcase classname="Testng_testclasses.Testng_TestParallel_2" name="testMethod1" time="6.006"/>
  <testcase classname="Testng_testclasses.Testng_TestParallel_2" name="testMethod2" time="6.006"/>
</testsuite> <!-- Testng_testclasses.Testng_TestParallel_2 -->
