<?xml version="1.0" encoding="UTF-8"?>
<!-- Generated by org.testng.reporters.JUnitReportReporter -->
<testsuite hostname="Mayank" failures="0" tests="1" name="seleniumConcepts.JavaScriptExecutor_ScrollPageUpDown" time="1.649" errors="0" timestamp="13 Nov 2024 16:36:38 GMT" skipped="0">
  <testcase classname="seleniumConcepts.JavaScriptExecutor_ScrollPageUpDown" name="test" time="1.649"/>
</testsuite> <!-- seleniumConcepts.JavaScriptExecutor_ScrollPageUpDown -->
