<?xml version="1.0" encoding="UTF-8"?>
<!-- Generated by org.testng.reporters.JUnitReportReporter -->
<testsuite hostname="Mayank" failures="0" tests="1" name="ExtentReport.Test2" time="0.013" errors="0" timestamp="27 Oct 2024 17:10:39 GMT" skipped="0">
  <testcase classname="ExtentReport.Test2" name="testMethod" time="0.013"/>
</testsuite> <!-- ExtentReport.Test2 -->
