<?xml version="1.0" encoding="UTF-8"?>
<!-- Generated by org.testng.reporters.JUnitReportReporter -->
<testsuite hostname="Mayank" failures="0" tests="1" name="seleniumConcepts.JavaScriptExecutor_Click" time="10.154" errors="0" timestamp="13 Nov 2024 17:07:12 GMT" skipped="0">
  <testcase classname="seleniumConcepts.JavaScriptExecutor_Click" name="test" time="10.154"/>
</testsuite> <!-- seleniumConcepts.JavaScriptExecutor_Click -->
