<?xml version="1.0" encoding="UTF-8"?>
<!-- Generated by org.testng.reporters.JUnitReportReporter -->
<testsuite hostname="Mayank" failures="0" tests="1" name="seleniumConcepts.SelectClass_DropDownElements" time="12.295" errors="0" timestamp="09 Nov 2024 05:11:21 GMT" skipped="0">
  <testcase classname="seleniumConcepts.SelectClass_DropDownElements" name="test" time="12.295"/>
</testsuite> <!-- seleniumConcepts.SelectClass_DropDownElements -->
