<?xml version="1.0" encoding="UTF-8"?>
<!-- Generated by org.testng.reporters.JUnitReportReporter -->
<testsuite hostname="Mayank" failures="0" tests="1" name="seleniumConcepts.SwitchTo_iFrame_FindNoOfFrames" time="12.086" errors="0" timestamp="15 Nov 2024 14:34:53 GMT" skipped="0">
  <testcase classname="seleniumConcepts.SwitchTo_iFrame_FindNoOfFrames" name="test" time="12.086"/>
</testsuite> <!-- seleniumConcepts.SwitchTo_iFrame_FindNoOfFrames -->
