<?xml version="1.0" encoding="UTF-8"?>
<!-- Generated by org.testng.reporters.JUnitReportReporter -->
<testsuite hostname="Mayank" failures="0" tests="1" name="seleniumConcepts.Wait_FluentWait" time="10.427" errors="0" timestamp="10 Nov 2024 18:21:19 GMT" skipped="0">
  <testcase classname="seleniumConcepts.Wait_FluentWait" name="test" time="10.427"/>
</testsuite> <!-- seleniumConcepts.Wait_FluentWait -->
