<?xml version="1.0" encoding="UTF-8"?>
<!-- Generated by org.testng.reporters.JUnitReportReporter -->
<testsuite hostname="Mayank" failures="0" tests="2" name="seleniumConcepts.SwitchTo_Alert" time="28.229" errors="0" timestamp="14 Nov 2024 12:12:01 GMT" skipped="0">
  <testcase classname="seleniumConcepts.SwitchTo_Alert" name="test1" time="15.429"/>
  <testcase classname="seleniumConcepts.SwitchTo_Alert" name="test2" time="12.800"/>
</testsuite> <!-- seleniumConcepts.SwitchTo_Alert -->
