<?xml version="1.0" encoding="UTF-8"?>
<!-- Generated by org.testng.reporters.JUnitReportReporter -->
<testsuite hostname="Mayank" failures="0" tests="1" name="seleniumConcepts.Method1_GetText" time="8.923" errors="0" timestamp="09 Nov 2024 10:49:30 GMT" skipped="0">
  <testcase classname="seleniumConcepts.Method1_GetText" name="test" time="8.923"/>
</testsuite> <!-- seleniumConcepts.Method1_GetText -->
