<?xml version="1.0" encoding="UTF-8"?>
<!-- Generated by org.testng.reporters.JUnitReportReporter -->
<testsuite hostname="Mayank" failures="0" tests="1" name="seleniumConcepts.Actions_DragAndDrop_Slider" time="8.211" errors="0" timestamp="15 Nov 2024 14:54:44 GMT" skipped="0">
  <testcase classname="seleniumConcepts.Actions_DragAndDrop_Slider" name="test" time="8.211"/>
</testsuite> <!-- seleniumConcepts.Actions_DragAndDrop_Slider -->
