<?xml version="1.0" encoding="UTF-8"?>
<!-- Generated by org.testng.reporters.JUnitReportReporter -->
<testsuite hostname="Mayank" failures="0" tests="1" name="seleniumExceptions.NoSuchElementException" time="21.659" errors="0" timestamp="16 Nov 2024 17:16:48 GMT" skipped="0">
  <testcase classname="seleniumExceptions.NoSuchElementException" name="test" time="21.659"/>
</testsuite> <!-- seleniumExceptions.NoSuchElementException -->
