<?xml version="1.0" encoding="UTF-8"?>
<!-- Generated by org.testng.reporters.JUnitReportReporter -->
<testsuite hostname="Mayank" failures="0" tests="4" name="selenium_Read_JDBC_ExternalFiles.JDBC_FeedMySqlDataToTestCase" time="0.042" errors="0" timestamp="21 Mar 2025 19:51:55 GMT" skipped="0">
  <testcase classname="selenium_Read_JDBC_ExternalFiles.JDBC_FeedMySqlDataToTestCase" name="test" time="0.005"/>
  <testcase classname="selenium_Read_JDBC_ExternalFiles.JDBC_FeedMySqlDataToTestCase" name="test" time="0.003"/>
  <testcase classname="selenium_Read_JDBC_ExternalFiles.JDBC_FeedMySqlDataToTestCase" name="test" time="0.032"/>
  <testcase classname="selenium_Read_JDBC_ExternalFiles.JDBC_FeedMySqlDataToTestCase" name="test" time="0.002"/>
</testsuite> <!-- selenium_Read_JDBC_ExternalFiles.JDBC_FeedMySqlDataToTestCase -->
