<?xml version="1.0" encoding="UTF-8"?>
<!-- Generated by org.testng.reporters.JUnitReportReporter -->
<testsuite hostname="Mayank" failures="0" tests="2" name="Testng_testclass.Testng_BeforeClass_MethodAnnotation" time="0.019" errors="0" timestamp="22 Oct 2024 14:53:52 GMT" skipped="0">
  <testcase classname="Testng_testclass.Testng_BeforeClass_MethodAnnotation" name="testMethod2" time="0.002"/>
  <testcase classname="Testng_testclass.Testng_BeforeClass_MethodAnnotation" name="testMethod1" time="0.017"/>
</testsuite> <!-- Testng_testclass.Testng_BeforeClass_MethodAnnotation -->
