<?xml version="1.0" encoding="UTF-8"?>
<!-- Generated by org.testng.reporters.JUnitReportReporter -->
<testsuite hostname="Mayank" failures="0" tests="1" name="seleniumConcepts.CalandarSelection_Date" time="13.162" errors="0" timestamp="12 Nov 2024 12:12:55 GMT" skipped="0">
  <testcase classname="seleniumConcepts.CalandarSelection_Date" name="test" time="13.162"/>
</testsuite> <!-- seleniumConcepts.CalandarSelection_Date -->
