<?xml version="1.0" encoding="UTF-8"?>
<!-- Generated by org.testng.reporters.JUnitReportReporter -->
<testsuite hostname="Mayank" failures="0" tests="1" name="faltuCode.NewTest" time="0.016" errors="0" timestamp="21 Oct 2024 20:09:36 GMT" skipped="0">
  <testcase classname="faltuCode.NewTest" name="f" time="0.016"/>
</testsuite> <!-- faltuCode.NewTest -->
