<?xml version="1.0" encoding="UTF-8"?>
<!-- Generated by org.testng.reporters.JUnitReportReporter -->
<testsuite hostname="Mayank" failures="0" tests="2" name="Testng_testclasses.Testng_BeforeClass_MethodAnnotation_1" time="0.021" errors="0" timestamp="10 Dec 2024 10:08:48 GMT" skipped="0">
  <testcase classname="Testng_testclasses.Testng_BeforeClass_MethodAnnotation_1" name="testMethod2" time="0.004"/>
  <testcase classname="Testng_testclasses.Testng_BeforeClass_MethodAnnotation_1" name="testMethod1" time="0.017"/>
</testsuite> <!-- Testng_testclasses.Testng_BeforeClass_MethodAnnotation_1 -->
