<?xml version="1.0" encoding="UTF-8"?>
<!-- Generated by org.testng.reporters.JUnitReportReporter -->
<testsuite hostname="Mayank" failures="0" tests="1" name="seleniumConcepts.JavaScriptExecutor_FindHeightWidthOfWindow" time="1.640" errors="0" timestamp="13 Nov 2024 16:41:38 GMT" skipped="0">
  <testcase classname="seleniumConcepts.JavaScriptExecutor_FindHeightWidthOfWindow" name="test" time="1.640"/>
</testsuite> <!-- seleniumConcepts.JavaScriptExecutor_FindHeightWidthOfWindow -->
