<?xml version="1.0" encoding="UTF-8"?>
<!-- Generated by org.testng.reporters.JUnitReportReporter -->
<testsuite hostname="Mayank" failures="0" tests="1" name="seleniumConcepts.Wait_ExplicitWait" time="12.732" errors="0" timestamp="10 Nov 2024 18:13:08 GMT" skipped="0">
  <testcase classname="seleniumConcepts.Wait_ExplicitWait" name="test" time="12.732"/>
</testsuite> <!-- seleniumConcepts.Wait_ExplicitWait -->
