<?xml version="1.0" encoding="UTF-8"?>
<!-- Generated by org.testng.reporters.JUnitReportReporter -->
<testsuite hostname="Mayank" failures="0" tests="3" name="Testng_testclass.Testng_Priority" time="0.032" errors="0" timestamp="22 Oct 2024 17:38:55 GMT" skipped="0">
  <testcase classname="Testng_testclass.Testng_Priority" name="testMethod2" time="0.027"/>
  <testcase classname="Testng_testclass.Testng_Priority" name="testMethod3" time="0.002"/>
  <testcase classname="Testng_testclass.Testng_Priority" name="testMethod1" time="0.003"/>
</testsuite> <!-- Testng_testclass.Testng_Priority -->
