<?xml version="1.0" encoding="UTF-8"?>
<!-- Generated by org.testng.reporters.JUnitReportReporter -->
<testsuite hostname="Mayank" failures="0" tests="4" name="Testng_testclasses.Testng_Preserve1" time="0.024" errors="0" timestamp="23 Oct 2024 08:08:38 GMT" skipped="0">
  <testcase classname="Testng_testclasses.Testng_Preserve1" name="testMethod2" time="0.002"/>
  <testcase classname="Testng_testclasses.Testng_Preserve1" name="testMethod2" time="0.001"/>
  <testcase classname="Testng_testclasses.Testng_Preserve1" name="testMethod1" time="0.019"/>
  <testcase classname="Testng_testclasses.Testng_Preserve1" name="testMethod1" time="0.002"/>
</testsuite> <!-- Testng_testclasses.Testng_Preserve1 -->
