<?xml version="1.0" encoding="UTF-8"?>
<!-- Generated by org.testng.reporters.JUnitReportReporter -->
<testsuite hostname="Mayank" failures="0" tests="1" name="seleniumConcepts.Keyboard_ActionsClass_KeysUpDown" time="14.244" errors="0" timestamp="15 Nov 2024 18:46:48 GMT" skipped="0">
  <testcase classname="seleniumConcepts.Keyboard_ActionsClass_KeysUpDown" name="test" time="14.244"/>
</testsuite> <!-- seleniumConcepts.Keyboard_ActionsClass_KeysUpDown -->
