<?xml version="1.0" encoding="UTF-8"?>
<!-- Generated by org.testng.reporters.JUnitReportReporter -->
<testsuite hostname="Mayank" failures="0" tests="1" name="seleniumConcepts.JavaScriptExecutor_ScrollUpDown" time="15.040" errors="0" timestamp="28 Mar 2025 22:13:41 GMT" skipped="0">
  <testcase classname="seleniumConcepts.JavaScriptExecutor_ScrollUpDown" name="test" time="15.040"/>
</testsuite> <!-- seleniumConcepts.JavaScriptExecutor_ScrollUpDown -->
