<?xml version="1.0" encoding="UTF-8"?>
<!-- Generated by org.testng.reporters.JUnitReportReporter -->
<testsuite hostname="Mayank" failures="0" tests="1" name="seleniumConcepts.Wait_ImplicitlyWait" time="15.065" errors="0" timestamp="10 Nov 2024 18:36:36 GMT" skipped="0">
  <testcase classname="seleniumConcepts.Wait_ImplicitlyWait" name="testMethod" time="15.065"/>
</testsuite> <!-- seleniumConcepts.Wait_ImplicitlyWait -->
