<?xml version="1.0" encoding="UTF-8"?>
<!-- Generated by org.testng.reporters.JUnitReportReporter -->
<testsuite hostname="Mayank" failures="0" tests="3" name="Testng_testclasses.Testng_SoftAsserts" time="0.028" errors="0" timestamp="19 Dec 2024 12:54:53 GMT" skipped="0">
  <testcase classname="Testng_testclasses.Testng_SoftAsserts" name="testArrays" time="0.017"/>
  <testcase classname="Testng_testclasses.Testng_SoftAsserts" name="testSum" time="0.006"/>
  <testcase classname="Testng_testclasses.Testng_SoftAsserts" name="testString" time="0.005"/>
</testsuite> <!-- Testng_testclasses.Testng_SoftAsserts -->
