<?xml version="1.0" encoding="UTF-8"?>
<!-- Generated by org.testng.reporters.JUnitReportReporter -->
<testsuite hostname="Mayank" failures="0" tests="1" name="faltuCode.practice" time="12.567" errors="0" timestamp="12 Jan 2025 20:12:29 GMT" skipped="0">
  <testcase classname="faltuCode.practice" name="test" time="12.567"/>
</testsuite> <!-- faltuCode.practice -->
