<?xml version="1.0" encoding="UTF-8"?>
<!-- Generated by org.testng.reporters.JUnitReportReporter -->
<testsuite hostname="Mayank" failures="0" tests="1" name="seleniumConcepts.AutoIT_FileUpload_EmailAttachment" time="9.610" errors="0" timestamp="05 Dec 2024 04:39:04 GMT" skipped="0">
  <testcase classname="seleniumConcepts.AutoIT_FileUpload_EmailAttachment" name="test" time="9.610"/>
</testsuite> <!-- seleniumConcepts.AutoIT_FileUpload_EmailAttachment -->
