<?xml version="1.0" encoding="UTF-8"?>
<!-- Generated by org.testng.reporters.JUnitReportReporter -->
<testsuite hostname="Mayank" failures="0" tests="1" name="ExtentReport.ExtentReport_RahulShetty" time="4.934" errors="0" timestamp="15 Apr 2025 17:05:38 GMT" skipped="0">
  <testcase classname="ExtentReport.ExtentReport_RahulShetty" name="testMethod1" time="4.934"/>
</testsuite> <!-- ExtentReport.ExtentReport_RahulShetty -->
