<?xml version="1.0" encoding="UTF-8"?>
<!-- Generated by org.testng.reporters.JUnitReportReporter -->
<testsuite hostname="Mayank" failures="0" tests="1" name="seleniumConcepts.JavaScriptExecutor_InsertText" time="12.223" errors="0" timestamp="20 Nov 2024 15:38:02 GMT" skipped="0">
  <testcase classname="seleniumConcepts.JavaScriptExecutor_InsertText" name="test" time="12.223"/>
</testsuite> <!-- seleniumConcepts.JavaScriptExecutor_InsertText -->
