<?xml version="1.0" encoding="UTF-8"?>
<!-- Generated by org.testng.reporters.JUnitReportReporter -->
<testsuite hostname="Mayank" failures="0" tests="1" name="seleniumConcepts.AutoIT_WindowPopUp_WindowAuthentication_WithAutoIT" time="14.855" errors="0" timestamp="05 Dec 2024 06:10:32 GMT" skipped="0">
  <testcase classname="seleniumConcepts.AutoIT_WindowPopUp_WindowAuthentication_WithAutoIT" name="test" time="14.855"/>
</testsuite> <!-- seleniumConcepts.AutoIT_WindowPopUp_WindowAuthentication_WithAutoIT -->
