<?xml version="1.0" encoding="UTF-8"?>
<!-- Generated by org.testng.reporters.JUnitReportReporter -->
<testsuite hostname="Mayank" failures="0" tests="3" name="selenium_Read_JDBC_ExternalFiles.excelRead_Feed2DArrToTestCase" time="0.019" errors="0" timestamp="15 Apr 2025 16:02:19 GMT" skipped="0">
  <testcase classname="selenium_Read_JDBC_ExternalFiles.excelRead_Feed2DArrToTestCase" name="test" time="0.001"/>
  <testcase classname="selenium_Read_JDBC_ExternalFiles.excelRead_Feed2DArrToTestCase" name="test" time="0.017"/>
  <testcase classname="selenium_Read_JDBC_ExternalFiles.excelRead_Feed2DArrToTestCase" name="test" time="0.001"/>
</testsuite> <!-- selenium_Read_JDBC_ExternalFiles.excelRead_Feed2DArrToTestCase -->
