<?xml version="1.0" encoding="UTF-8"?>
<!-- Generated by org.testng.reporters.JUnitReportReporter -->
<testsuite hostname="Mayank" failures="0" tests="1" name="faltuCode.practice2" time="5.206" errors="0" timestamp="23 Nov 2024 19:02:20 GMT" skipped="0">
  <testcase classname="faltuCode.practice2" name="test" time="5.206"/>
</testsuite> <!-- faltuCode.practice2 -->
