<?xml version="1.0" encoding="UTF-8"?>
<!-- Generated by org.testng.reporters.JUnitReportReporter -->
<testsuite hostname="Mayank" failures="0" tests="2" name="Testng_testclasses.Testng_Grouping" time="0.008" errors="0" timestamp="20 Dec 2024 12:23:06 GMT" skipped="0">
  <testcase classname="Testng_testclasses.Testng_Grouping" name="testAudi" time="0.007"/>
  <testcase classname="Testng_testclasses.Testng_Grouping" name="testBMW" time="0.001"/>
</testsuite> <!-- Testng_testclasses.Testng_Grouping -->
