<?xml version="1.0" encoding="UTF-8"?>
<!-- Generated by org.testng.reporters.JUnitReportReporter -->
<testsuite hostname="Mayank" failures="0" tests="1" name="seleniumConcepts.Actions_DragDrop" time="10.142" errors="0" timestamp="14 Nov 2024 15:50:19 GMT" skipped="0">
  <testcase classname="seleniumConcepts.Actions_DragDrop" name="test" time="10.142"/>
</testsuite> <!-- seleniumConcepts.Actions_DragDrop -->
