<?xml version="1.0" encoding="UTF-8"?>
<!-- Generated by org.testng.reporters.JUnitReportReporter -->
<testsuite hostname="Mayank" failures="0" tests="1" name="seleniumConcepts.SwitchTo_Window_FindOpenWindowGetTitle" time="11.974" errors="0" timestamp="15 Nov 2024 08:21:55 GMT" skipped="0">
  <testcase classname="seleniumConcepts.SwitchTo_Window_FindOpenWindowGetTitle" name="test" time="11.974"/>
</testsuite> <!-- seleniumConcepts.SwitchTo_Window_FindOpenWindowGetTitle -->
