<?xml version="1.0" encoding="UTF-8"?>
<!-- Generated by org.testng.reporters.JUnitReportReporter -->
<testsuite hostname="Mayank" failures="0" tests="1" name="seleniumConcepts.RadioButtonsAndCheckBoxes" time="22.862" errors="0" timestamp="08 Nov 2024 18:24:34 GMT" skipped="0">
  <testcase classname="seleniumConcepts.RadioButtonsAndCheckBoxes" name="test" time="22.862"/>
</testsuite> <!-- seleniumConcepts.RadioButtonsAndCheckBoxes -->
