<?xml version="1.0" encoding="UTF-8"?>
<!-- Generated by org.testng.reporters.JUnitReportReporter -->
<testsuite hostname="Mayank" failures="0" tests="1" name="seleniumConcepts.NavigatingBetweenPages" time="29.652" errors="0" timestamp="08 Nov 2024 12:58:56 GMT" skipped="0">
  <testcase classname="seleniumConcepts.NavigatingBetweenPages" name="test" time="29.652"/>
</testsuite> <!-- seleniumConcepts.NavigatingBetweenPages -->
