<?xml version="1.0" encoding="UTF-8"?>
<!-- Generated by org.testng.reporters.JUnitReportReporter -->
<testsuite hostname="Mayank" failures="0" tests="1" name="seleniumConcepts.Wait_ExplicitGenericMethod1" time="10.035" errors="0" timestamp="10 Nov 2024 10:37:11 GMT" skipped="0">
  <testcase classname="seleniumConcepts.Wait_ExplicitGenericMethod1" name="test" time="10.035"/>
</testsuite> <!-- seleniumConcepts.Wait_ExplicitGenericMethod1 -->
