<?xml version="1.0" encoding="UTF-8"?>
<!-- Generated by org.testng.reporters.JUnitReportReporter -->
<testsuite hostname="Mayank" failures="0" tests="1" name="seleniumConcepts.FindeElements_List_PracticePage" time="16.983" errors="0" timestamp="20 Nov 2024 14:31:41 GMT" skipped="0">
  <testcase classname="seleniumConcepts.FindeElements_List_PracticePage" name="test" time="16.983"/>
</testsuite> <!-- seleniumConcepts.FindeElements_List_PracticePage -->
