<?xml version="1.0" encoding="UTF-8"?>
<!-- Generated by org.testng.reporters.JUnitReportReporter -->
<testsuite hostname="Mayank" failures="0" tests="1" name="seleniumConcepts.GenericMethodToFindElementPresentOrNot1" time="15.006" errors="0" timestamp="09 Nov 2024 12:25:58 GMT" skipped="0">
  <testcase classname="seleniumConcepts.GenericMethodToFindElementPresentOrNot1" name="testMethod" time="15.006"/>
</testsuite> <!-- seleniumConcepts.GenericMethodToFindElementPresentOrNot1 -->
