<?xml version="1.0" encoding="UTF-8"?>
<!-- Generated by org.testng.reporters.JUnitReportReporter -->
<testsuite hostname="Mayank" failures="0" tests="2" name="Testng_testclasses.Testng_TestParallel_1" time="12.025" errors="0" timestamp="20 Dec 2024 17:22:40 GMT" skipped="0">
  <testcase classname="Testng_testclasses.Testng_TestParallel_1" name="testMethod2" time="6.004"/>
  <testcase classname="Testng_testclasses.Testng_TestParallel_1" name="testMethod1" time="6.021"/>
</testsuite> <!-- Testng_testclasses.Testng_TestParallel_1 -->
