<?xml version="1.0" encoding="UTF-8"?>
<!-- Generated by org.testng.reporters.JUnitReportReporter -->
<testsuite hostname="Mayank" failures="0" tests="1" name="seleniumConcepts.SwitchWindow_WindowHandles" time="15.170" errors="0" timestamp="14 Nov 2024 09:34:43 GMT" skipped="0">
  <testcase classname="seleniumConcepts.SwitchWindow_WindowHandles" name="test" time="15.170"/>
</testsuite> <!-- seleniumConcepts.SwitchWindow_WindowHandles -->
