<?xml version="1.0" encoding="UTF-8"?>
<!-- Generated by org.testng.reporters.JUnitReportReporter -->
<testsuite hostname="Mayank" failures="0" tests="1" name="seleniumConcepts.Keyboard_Chord_Command" time="16.565" errors="0" timestamp="15 Nov 2024 18:30:51 GMT" skipped="0">
  <testcase classname="seleniumConcepts.Keyboard_Chord_Command" name="test" time="16.565"/>
</testsuite> <!-- seleniumConcepts.Keyboard_Chord_Command -->
