<?xml version="1.0" encoding="UTF-8"?>
<!-- Generated by org.testng.reporters.JUnitReportReporter -->
<testsuite hostname="Mayank" failures="0" tests="1" name="seleniumConcepts.SwitchTo_Window_FindOpenWindowGetTitle" time="21.276" errors="0" timestamp="20 Nov 2024 15:12:05 GMT" skipped="0">
  <testcase classname="seleniumConcepts.SwitchTo_Window_FindOpenWindowGetTitle" name="test" time="21.276"/>
</testsuite> <!-- seleniumConcepts.SwitchTo_Window_FindOpenWindowGetTitle -->
