<?xml version="1.0" encoding="UTF-8"?>
<!-- Generated by org.testng.reporters.JUnitReportReporter -->
<testsuite hostname="Mayank" failures="0" tests="1" name="seleniumConcepts.SelectClass_MultiSelect" time="10.308" errors="0" timestamp="09 Nov 2024 05:41:39 GMT" skipped="0">
  <testcase classname="seleniumConcepts.SelectClass_MultiSelect" name="test" time="10.308"/>
</testsuite> <!-- seleniumConcepts.SelectClass_MultiSelect -->
