<?xml version="1.0" encoding="UTF-8"?>
<!-- Generated by org.testng.reporters.JUnitReportReporter -->
<testsuite hostname="Mayank" failures="0" tests="1" name="seleniumConcepts.SwitchWindow_iFrame" time="25.915" errors="0" timestamp="14 Nov 2024 11:49:42 GMT" skipped="0">
  <testcase classname="seleniumConcepts.SwitchWindow_iFrame" name="test" time="25.915"/>
</testsuite> <!-- seleniumConcepts.SwitchWindow_iFrame -->
