<?xml version="1.0" encoding="UTF-8"?>
<!-- Generated by org.testng.reporters.JUnitReportReporter -->
<testsuite hostname="Mayank" failures="0" tests="3" name="Testng_testclasses.Testng_DataProvider" time="0.021" errors="0" timestamp="23 Oct 2024 12:34:52 GMT" skipped="0">
  <testcase classname="Testng_testclasses.Testng_DataProvider" name="testMethod1" time="0.002"/>
  <testcase classname="Testng_testclasses.Testng_DataProvider" name="testMethod1" time="0.018"/>
  <testcase classname="Testng_testclasses.Testng_DataProvider" name="testMethod1" time="0.001"/>
</testsuite> <!-- Testng_testclasses.Testng_DataProvider -->
