<?xml version="1.0" encoding="UTF-8"?>
<!-- Generated by org.testng.reporters.JUnitReportReporter -->
<testsuite hostname="Mayank" failures="0" tests="2" name="Testng_testclasses.Testng_TestParallel_1" time="12.043" errors="0" timestamp="23 Oct 2024 09:41:42 GMT" skipped="0">
  <testcase classname="Testng_testclasses.Testng_TestParallel_1" name="testMethod2" time="6.020"/>
  <testcase classname="Testng_testclasses.Testng_TestParallel_1" name="testMethod1" time="6.023"/>
</testsuite> <!-- Testng_testclasses.Testng_TestParallel_1 -->
