<?xml version="1.0" encoding="UTF-8"?>
<!-- Generated by org.testng.reporters.JUnitReportReporter -->
<testsuite hostname="Mayank" failures="0" tests="1" name="faltuCode.practice2" time="1.421" errors="0" timestamp="09 Jan 2025 17:37:53 GMT" skipped="0">
  <testcase classname="faltuCode.practice2" name="launchGoogle" time="1.421"/>
</testsuite> <!-- faltuCode.practice2 -->
