<?xml version="1.0" encoding="UTF-8"?>
<!-- Generated by org.testng.reporters.JUnitReportReporter -->
<testsuite hostname="Mayank" failures="0" tests="1" name="seleniumPages.classes.PageObjectModel_TestCase1" time="14.655" errors="0" timestamp="27 Nov 2024 14:16:25 GMT" skipped="0">
  <testcase classname="seleniumPages.classes.PageObjectModel_TestCase1" name="test" time="14.655"/>
</testsuite> <!-- seleniumPages.classes.PageObjectModel_TestCase1 -->
