<?xml version="1.0" encoding="UTF-8"?>
<!-- Generated by org.testng.reporters.JUnitReportReporter -->
<testsuite hostname="Mayank" failures="0" tests="1" name="seleniumConcepts.CalendarSelection_Date2" time="18.977" errors="0" timestamp="12 Nov 2024 12:44:45 GMT" skipped="0">
  <testcase classname="seleniumConcepts.CalendarSelection_Date2" name="test" time="18.977"/>
</testsuite> <!-- seleniumConcepts.CalendarSelection_Date2 -->
