<?xml version="1.0" encoding="UTF-8"?>
<!-- Generated by org.testng.reporters.JUnitReportReporter -->
<testsuite hostname="Mayank" failures="0" tests="1" name="seleniumPages.classes.PageObjectModel" time="19.621" errors="0" timestamp="27 Nov 2024 14:00:32 GMT" skipped="0">
  <testcase classname="seleniumPages.classes.PageObjectModel" name="test" time="19.621"/>
</testsuite> <!-- seleniumPages.classes.PageObjectModel -->
