<?xml version="1.0" encoding="UTF-8"?>
<!-- Generated by org.testng.reporters.JUnitReportReporter -->
<testsuite hostname="Mayank" failures="0" tests="1" name="faltuCode.practice" time="16.179" errors="0" timestamp="09 Nov 2024 07:35:11 GMT" skipped="0">
  <testcase classname="faltuCode.practice" name="test" time="16.179"/>
</testsuite> <!-- faltuCode.practice -->
