<?xml version="1.0" encoding="UTF-8"?>
<!-- Generated by org.testng.reporters.JUnitReportReporter -->
<testsuite hostname="Mayank" failures="0" tests="2" name="seleniumExceptions.Selenium_ElementNotInteractableException" time="11.571" errors="0" timestamp="17 Nov 2024 15:56:14 GMT" skipped="0">
  <testcase classname="seleniumExceptions.Selenium_ElementNotInteractableException" name="test1LetsKodePracticePage" time="1.914"/>
  <testcase classname="seleniumExceptions.Selenium_ElementNotInteractableException" name="test2ExpediaPage" time="9.657"/>
</testsuite> <!-- seleniumExceptions.Selenium_ElementNotInteractableException -->
