<?xml version="1.0" encoding="UTF-8"?>
<!-- Generated by org.testng.reporters.JUnitReportReporter -->
<testsuite hostname="Mayank" failures="0" tests="1" name="seleniumConcepts.WorkingWithElementsList" time="23.338" errors="0" timestamp="08 Nov 2024 21:16:45 GMT" skipped="0">
  <testcase classname="seleniumConcepts.WorkingWithElementsList" name="test" time="23.338"/>
</testsuite> <!-- seleniumConcepts.WorkingWithElementsList -->
