<?xml version="1.0" encoding="UTF-8"?>
<!-- Generated by org.testng.reporters.JUnitReportReporter -->
<testsuite hostname="Mayank" failures="0" tests="4" name="selenium_Read_JDBC_ExternalFiles.JDBC_FeedMySqlDataToTestCase" time="0.013" errors="0" timestamp="05 Feb 2025 11:16:00 GMT" skipped="0">
  <testcase classname="selenium_Read_JDBC_ExternalFiles.JDBC_FeedMySqlDataToTestCase" name="test" time="0.011"/>
  <testcase classname="selenium_Read_JDBC_ExternalFiles.JDBC_FeedMySqlDataToTestCase" name="test" time="0.001"/>
  <testcase classname="selenium_Read_JDBC_ExternalFiles.JDBC_FeedMySqlDataToTestCase" name="test" time="0.001"/>
  <testcase classname="selenium_Read_JDBC_ExternalFiles.JDBC_FeedMySqlDataToTestCase" name="test" time="0.000"/>
</testsuite> <!-- selenium_Read_JDBC_ExternalFiles.JDBC_FeedMySqlDataToTestCase -->
