<?xml version="1.0" encoding="UTF-8"?>
<!-- Generated by org.testng.reporters.JUnitReportReporter -->
<testsuite hostname="Mayank" failures="0" tests="1" name="seleniumConcepts.SelectClass_HiddenElement" time="15.871" errors="0" timestamp="09 Nov 2024 07:18:44 GMT" skipped="0">
  <testcase classname="seleniumConcepts.SelectClass_HiddenElement" name="test" time="15.871"/>
</testsuite> <!-- seleniumConcepts.SelectClass_HiddenElement -->
