<?xml version="1.0" encoding="UTF-8"?>
<!-- Generated by org.testng.reporters.JUnitReportReporter -->
<testsuite hostname="Mayank" failures="0" tests="3" name="Testng_testclass.TestAnnotaion" time="0.026" errors="0" timestamp="22 Oct 2024 13:00:12 GMT" skipped="0">
  <testcase classname="Testng_testclass.TestAnnotaion" name="testMethod2" time="0.002"/>
  <testcase classname="Testng_testclass.TestAnnotaion" name="testMethod1" time="0.022"/>
  <testcase classname="Testng_testclass.TestAnnotaion" name="testMethod3" time="0.002"/>
</testsuite> <!-- Testng_testclass.TestAnnotaion -->
