<?xml version="1.0" encoding="UTF-8"?>
<!-- Generated by org.testng.reporters.JUnitReportReporter -->
<testsuite hostname="Mayank" failures="0" tests="1" name="seleniumConcepts.SelectClass_DropDownElements" time="9.994" errors="0" timestamp="12 Jan 2025 19:02:20 GMT" skipped="0">
  <testcase classname="seleniumConcepts.SelectClass_DropDownElements" name="test" time="9.994"/>
</testsuite> <!-- seleniumConcepts.SelectClass_DropDownElements -->
