<?xml version="1.0" encoding="UTF-8"?>
<!-- Generated by org.testng.reporters.JUnitReportReporter -->
<testsuite hostname="Mayank" failures="0" tests="2" name="Testng_testclasses.Testng_Grouping" time="0.015" errors="0" timestamp="10 Dec 2024 10:42:22 GMT" skipped="0">
  <testcase classname="Testng_testclasses.Testng_Grouping" name="testPulser" time="0.005"/>
  <testcase classname="Testng_testclasses.Testng_Grouping" name="testKTM" time="0.010"/>
</testsuite> <!-- Testng_testclasses.Testng_Grouping -->
