<?xml version="1.0" encoding="UTF-8"?>
<!-- Generated by org.testng.reporters.JUnitReportReporter -->
<testsuite hostname="Mayank" failures="0" tests="2" name="Testng_testclasses.Testng_BeforeClass_MethodAnnotation_2" time="0.002" errors="0" timestamp="22 Oct 2024 20:46:36 GMT" skipped="0">
  <testcase classname="Testng_testclasses.Testng_BeforeClass_MethodAnnotation_2" name="testMethod2" time="0.000"/>
  <testcase classname="Testng_testclasses.Testng_BeforeClass_MethodAnnotation_2" name="testMethod1" time="0.002"/>
</testsuite> <!-- Testng_testclasses.Testng_BeforeClass_MethodAnnotation_2 -->
