<?xml version="1.0" encoding="UTF-8"?>
<!-- Generated by org.testng.reporters.JUnitReportReporter -->
<testsuite hostname="Mayank" failures="0" tests="1" name="seleniumConcepts.GenericMethodToFindListOfElements1" time="12.594" errors="0" timestamp="09 Nov 2024 11:58:02 GMT" skipped="0">
  <testcase classname="seleniumConcepts.GenericMethodToFindListOfElements1" name="testMethod" time="12.594"/>
</testsuite> <!-- seleniumConcepts.GenericMethodToFindListOfElements1 -->
