<?xml version="1.0" encoding="UTF-8"?>
<!-- Generated by org.testng.reporters.JUnitXMLReporter -->
<testsuite ignored="0" hostname="Mayank" failures="0" tests="4" name="Test-2" time="0.015" errors="0" timestamp="23 Oct 2024 08:08:38 GMT">
  <testcase classname="Testng_testclasses.Testng_Preserve1" name="testMethod1" time="0.002"/>
  <testcase classname="Testng_testclasses.Testng_Preserve1" name="testMethod2" time="0.001"/>
  <testcase classname="Testng_testclasses.Testng_Preserve2" name="testMethod1" time="0.002"/>
  <testcase classname="Testng_testclasses.Testng_Preserve2" name="testMethod2" time="0.001"/>
</testsuite> <!-- Test-2 -->
