<?xml version="1.0" encoding="UTF-8"?>
<!-- Generated by org.testng.reporters.JUnitXMLReporter -->
<testsuite ignored="0" hostname="Mayank" failures="0" tests="4" name="Test-1" time="0.068" errors="0" timestamp="23 Oct 2024 08:08:38 GMT">
  <testcase classname="Testng_testclasses.Testng_Preserve1" name="testMethod1" time="0.019"/>
  <testcase classname="Testng_testclasses.Testng_Preserve1" name="testMethod2" time="0.002"/>
  <testcase classname="Testng_testclasses.Testng_Preserve2" name="testMethod1" time="0.003"/>
  <testcase classname="Testng_testclasses.Testng_Preserve2" name="testMethod2" time="0.003"/>
</testsuite> <!-- Test-1 -->
